2021-05-16 20:34:42.329 [main][3556] INFO  step_definition.Hooks - Launch Chrome Browser
2021-05-16 20:34:55.254 [main][16481] INFO  page_objects.Login_page - username  is entered
2021-05-16 20:34:57.445 [main][18672] INFO  page_objects.Login_page - password  is entered
2021-05-16 20:34:59.535 [main][20762] INFO  page_objects.Login_page - sign in button clicked
2021-05-16 20:34:59.591 [main][20818] INFO  page_objects.Login_page - Test is passed
2021-05-16 20:35:00.270 [main][21497] INFO  step_definition.Hooks - Close Chrome Browser
2021-05-16 20:35:01.444 [main][22671] INFO  step_definition.Hooks - Launch Chrome Browser
2021-05-16 20:35:13.416 [main][34643] INFO  page_objects.Login_page - username  is entered
2021-05-16 20:35:15.619 [main][36846] INFO  page_objects.Login_page - password  is entered
2021-05-16 20:35:17.853 [main][39080] INFO  page_objects.Login_page - sign in button clicked
2021-05-16 20:35:32.903 [main][54130] ERROR command_providers.ElementActions - Element Exception for the locator By.xpath: //*[@id='password--ErrorMessage'] and exception is: org.openqa.selenium.NoSuchElementException: no such element: Unable to locate element: {"method":"xpath","selector":"//*[@id='password--ErrorMessage']"}
  (Session info: chrome=90.0.4430.212)
For documentation on this error, please visit: https://www.seleniumhq.org/exceptions/no_such_element.html
Build info: version: '3.141.59', revision: 'e82be7d358', time: '2018-11-14T08:17:03'
System info: host: 'LAPTOP-LMD2MKNK', ip: '192.168.1.25', os.name: 'Windows 10', os.arch: 'amd64', os.version: '10.0', java.version: '11.0.11'
Driver info: org.openqa.selenium.chrome.ChromeDriver
Capabilities {acceptInsecureCerts: false, browserName: chrome, browserVersion: 90.0.4430.212, chrome: {chromedriverVersion: 90.0.4430.24 (4c6d850f087da..., userDataDir: C:\Users\alimu\AppData\Loca...}, goog:chromeOptions: {debuggerAddress: localhost:65155}, javascriptEnabled: true, networkConnectionEnabled: false, pageLoadStrategy: normal, platform: WINDOWS, platformName: WINDOWS, proxy: Proxy(), setWindowRect: true, strictFileInteractability: false, timeouts: {implicit: 0, pageLoad: 300000, script: 30000}, unhandledPromptBehavior: dismiss and notify, webauthn:extension:largeBlob: true, webauthn:virtualAuthenticators: true}
Session ID: 5d490280f34d83d4df2298d13a3ae389
*** Element info: {Using=xpath, value=//*[@id='password--ErrorMessage']}
2021-05-16 20:35:33.592 [main][54819] INFO  step_definition.Hooks - Close Chrome Browser
