2021-05-16 20:46:56.806 [main][3497] INFO  step_definition.Hooks - Launch Chrome Browser
2021-05-16 20:47:08.985 [main][15676] INFO  page_objects.Login_page - username  is entered
2021-05-16 20:47:11.241 [main][17932] INFO  page_objects.Login_page - password  is entered
2021-05-16 20:47:13.336 [main][20027] INFO  page_objects.Login_page - sign in button clicked
2021-05-16 20:47:13.428 [main][20119] INFO  page_objects.Login_page - Test is passed
2021-05-16 20:47:14.072 [main][20763] INFO  step_definition.Hooks - Close Chrome Browser
2021-05-16 20:47:15.225 [main][21916] INFO  step_definition.Hooks - Launch Chrome Browser
2021-05-16 20:47:28.309 [main][35000] INFO  page_objects.Login_page - username  is entered
2021-05-16 20:47:30.510 [main][37201] INFO  page_objects.Login_page - password  is entered
2021-05-16 20:47:32.747 [main][39438] INFO  page_objects.Login_page - sign in button clicked
2021-05-16 20:47:47.824 [main][54515] ERROR command_providers.ElementActions - Element Exception for the locator By.xpath: //*[@id='password--ErrorMessage'] and exception is: org.openqa.selenium.NoSuchElementException: no such element: Unable to locate element: {"method":"xpath","selector":"//*[@id='password--ErrorMessage']"}
  (Session info: chrome=90.0.4430.212)
For documentation on this error, please visit: https://www.seleniumhq.org/exceptions/no_such_element.html
Build info: version: '3.141.59', revision: 'e82be7d358', time: '2018-11-14T08:17:03'
System info: host: 'LAPTOP-LMD2MKNK', ip: '192.168.1.25', os.name: 'Windows 10', os.arch: 'amd64', os.version: '10.0', java.version: '11.0.11'
Driver info: org.openqa.selenium.chrome.ChromeDriver
Capabilities {acceptInsecureCerts: false, browserName: chrome, browserVersion: 90.0.4430.212, chrome: {chromedriverVersion: 90.0.4430.24 (4c6d850f087da..., userDataDir: C:\Users\alimu\AppData\Loca...}, goog:chromeOptions: {debuggerAddress: localhost:49238}, javascriptEnabled: true, networkConnectionEnabled: false, pageLoadStrategy: normal, platform: WINDOWS, platformName: WINDOWS, proxy: Proxy(), setWindowRect: true, strictFileInteractability: false, timeouts: {implicit: 0, pageLoad: 300000, script: 30000}, unhandledPromptBehavior: dismiss and notify, webauthn:extension:largeBlob: true, webauthn:virtualAuthenticators: true}
Session ID: 192bc9ec6a598bdba7824a046c7cc8ec
*** Element info: {Using=xpath, value=//*[@id='password--ErrorMessage']}
2021-05-16 20:47:48.494 [main][55185] INFO  step_definition.Hooks - Close Chrome Browser
