
2021-05-15 22:21:26.071 [main][7152] INFO  step_definition.Hooks - Launch Chrome Browser
2021-05-15 22:21:33.931 [main][15012] INFO  page_objects.Home - categories item clicked
2021-05-15 22:21:34.783 [main][15864] INFO  page_objects.Home - Grocery item clicked
2021-05-15 22:21:35.587 [main][16668] INFO  page_objects.Home - Dairy item clicked
2021-05-15 22:21:36.496 [main][17577] INFO  page_objects.Home - Milk item clicked
2021-05-15 22:21:40.736 [main][21817] INFO  step_definition.Hooks - Close Chrome Browser
2021-05-15 22:21:42.272 [main][23353] INFO  step_definition.Hooks - Launch Chrome Browser
2021-05-15 22:21:47.691 [main][28772] INFO  page_objects.Home - categories item clicked
2021-05-15 22:21:48.425 [main][29506] INFO  page_objects.Home - Grocery item clicked
2021-05-15 22:21:49.117 [main][30198] INFO  page_objects.Home - Dairy item clicked
2021-05-15 22:21:49.974 [main][31055] INFO  page_objects.Home - Cheese item clicked
2021-05-15 22:21:53.975 [main][35056] INFO  step_definition.Hooks - Close Chrome Browser
2021-05-15 22:21:55.525 [main][36606] INFO  step_definition.Hooks - Launch Chrome Browser
2021-05-15 22:22:02.771 [main][43852] INFO  page_objects.Home - categories item clicked
2021-05-15 22:22:03.544 [main][44625] INFO  page_objects.Home - Grocery item clicked
2021-05-15 22:22:04.166 [main][45247] INFO  page_objects.Home - Dairy item clicked
2021-05-15 22:22:04.938 [main][46019] INFO  page_objects.Home - Yogurt item clicked
2021-05-15 22:22:08.443 [main][49524] INFO  step_definition.Hooks - Close Chrome Browser
2021-05-15 22:22:09.941 [main][51022] INFO  step_definition.Hooks - Launch Chrome Browser
2021-05-15 22:22:16.599 [main][57680] INFO  page_objects.Home - categories item clicked
2021-05-15 22:22:17.423 [main][58504] INFO  page_objects.Home - Grocery item clicked
2021-05-15 22:22:18.052 [main][59133] INFO  page_objects.Home - Dairy item clicked
2021-05-15 22:22:18.842 [main][59923] INFO  page_objects.Home - Yogurt item clicked
2021-05-15 22:22:22.501 [main][63582] INFO  step_definition.Hooks - Close Chrome Browser
2021-05-15 22:22:23.864 [main][64945] INFO  step_definition.Hooks - Launch Chrome Browser
2021-05-15 22:22:30.327 [main][71408] INFO  page_objects.Home - categories item clicked
2021-05-15 22:22:31.231 [main][72312] INFO  page_objects.Home - Grocery item clicked
2021-05-15 22:22:31.931 [main][73012] INFO  page_objects.Home - Dairy item clicked
2021-05-15 22:22:32.783 [main][73864] INFO  page_objects.Home - cream_cheese item clicked
2021-05-15 22:22:36.406 [main][77487] INFO  step_definition.Hooks - Close Chrome Browser
2021-05-15 22:22:37.717 [main][78798] INFO  step_definition.Hooks - Launch Chrome Browser
2021-05-15 22:22:43.251 [main][84332] INFO  page_objects.Home - categories item clicked
2021-05-15 22:22:44.100 [main][85181] INFO  page_objects.Home - household item clicked
2021-05-15 22:22:44.800 [main][85881] INFO  page_objects.Home - Hand_soap_sanitizer_item_clicked
2021-05-15 22:22:45.692 [main][86773] INFO  page_objects.Home - Soap_item clicked
2021-05-15 22:22:47.930 [main][89011] INFO  step_definition.Hooks - Close Chrome Browser
2021-05-15 22:22:49.747 [main][90828] INFO  step_definition.Hooks - Launch Chrome Browser
2021-05-15 22:22:57.664 [main][98745] INFO  page_objects.Home - categories item clicked
2021-05-15 22:22:58.525 [main][99606] INFO  page_objects.Home - household item clicked
2021-05-15 22:22:59.245 [main][100326] INFO  page_objects.Home - Hand_soap_sanitizer_item_clicked
2021-05-15 22:23:00.215 [main][101296] INFO  page_objects.Home - Sanitizer_item clicked
2021-05-15 22:23:04.457 [main][105538] INFO  step_definition.Hooks - Close Chrome Browser
2021-05-15 22:23:05.889 [main][106970] INFO  step_definition.Hooks - Launch Chrome Browser
2021-05-15 22:23:12.671 [main][113752] INFO  page_objects.Home - categories item clicked
2021-05-15 22:23:13.572 [main][114653] INFO  page_objects.Home - household item clicked
2021-05-15 22:23:14.499 [main][115580] INFO  page_objects.Home - toilet_paper_item clicked
2021-05-15 22:23:18.856 [main][119937] INFO  step_definition.Hooks - Close Chrome Browser
2021-05-15 22:23:20.329 [main][121410] INFO  step_definition.Hooks - Launch Chrome Browser
2021-05-15 22:23:26.911 [main][127992] INFO  page_objects.Home - categories item clicked
2021-05-15 22:23:27.771 [main][128852] INFO  page_objects.Home - household item clicked
2021-05-15 22:23:28.530 [main][129611] INFO  page_objects.Home - Cleaning_supplies_item clicked
2021-05-15 22:23:29.449 [main][130530] INFO  page_objects.Home - Cleaning_wipes_item clicked
2021-05-15 22:23:33.410 [main][134491] INFO  step_definition.Hooks - Close Chrome Browser
2021-05-15 22:23:34.852 [main][135933] INFO  step_definition.Hooks - Launch Chrome Browser
2021-05-15 22:23:41.415 [main][142496] INFO  page_objects.Home - categories item clicked
2021-05-15 22:23:42.252 [main][143333] INFO  page_objects.Home - household item clicked
2021-05-15 22:23:42.982 [main][144063] INFO  page_objects.Home - Cleaning_supplies_item clicked
2021-05-15 22:23:43.899 [main][144980] INFO  page_objects.Home -   floor_care_item clicked
2021-05-15 22:23:59.272 [main][160353] INFO  step_definition.Hooks - Close Chrome Browser
