2021-05-15 22:36:53.614 [main][5888] INFO  step_definition.Hooks - Launch Chrome Browser
2021-05-15 22:37:01.544 [main][13818] INFO  page_objects.Home - categories item clicked
2021-05-15 22:37:02.425 [main][14699] INFO  page_objects.Home - Grocery item clicked
2021-05-15 22:37:03.142 [main][15416] INFO  page_objects.Home - Dairy item clicked
2021-05-15 22:37:03.882 [main][16156] INFO  page_objects.Home - Milk item clicked
2021-05-15 22:37:07.972 [main][20246] INFO  step_definition.Hooks - Close Chrome Browser
2021-05-15 22:37:09.757 [main][22031] INFO  step_definition.Hooks - Launch Chrome Browser
2021-05-15 22:37:15.581 [main][27855] INFO  page_objects.Home - categories item clicked
2021-05-15 22:37:16.566 [main][28840] INFO  page_objects.Home - Grocery item clicked
2021-05-15 22:37:17.344 [main][29618] INFO  page_objects.Home - Dairy item clicked
2021-05-15 22:37:18.159 [main][30433] INFO  page_objects.Home - Cheese item clicked
2021-05-15 22:37:21.893 [main][34167] INFO  step_definition.Hooks - Close Chrome Browser
2021-05-15 22:37:23.510 [main][35784] INFO  step_definition.Hooks - Launch Chrome Browser
2021-05-15 22:37:30.195 [main][42469] INFO  page_objects.Home - categories item clicked
2021-05-15 22:37:30.970 [main][43244] INFO  page_objects.Home - Grocery item clicked
2021-05-15 22:37:31.762 [main][44036] INFO  page_objects.Home - Dairy item clicked
2021-05-15 22:37:32.815 [main][45089] INFO  page_objects.Home - Yogurt item clicked
2021-05-15 22:37:39.279 [main][51553] INFO  step_definition.Hooks - Close Chrome Browser
2021-05-15 22:37:40.828 [main][53102] INFO  step_definition.Hooks - Launch Chrome Browser
2021-05-15 22:37:48.342 [main][60616] INFO  page_objects.Home - categories item clicked
2021-05-15 22:37:49.263 [main][61537] INFO  page_objects.Home - Grocery item clicked
2021-05-15 22:37:49.981 [main][62255] INFO  page_objects.Home - Dairy item clicked
2021-05-15 22:37:50.825 [main][63099] INFO  page_objects.Home - Yogurt item clicked
2021-05-15 22:37:55.736 [main][68010] INFO  step_definition.Hooks - Close Chrome Browser
2021-05-15 22:37:57.314 [main][69588] INFO  step_definition.Hooks - Launch Chrome Browser
2021-05-15 22:38:04.960 [main][77234] INFO  page_objects.Home - categories item clicked
2021-05-15 22:38:05.674 [main][77948] INFO  page_objects.Home - Grocery item clicked
2021-05-15 22:38:06.397 [main][78671] INFO  page_objects.Home - Dairy item clicked
2021-05-15 22:38:07.086 [main][79360] INFO  page_objects.Home - cream_cheese item clicked
2021-05-15 22:38:11.783 [main][84057] INFO  step_definition.Hooks - Close Chrome Browser
2021-05-15 22:38:13.103 [main][85377] INFO  step_definition.Hooks - Launch Chrome Browser
2021-05-15 22:38:21.016 [main][93290] INFO  page_objects.Home - categories item clicked
2021-05-15 22:38:21.817 [main][94091] INFO  page_objects.Home - household item clicked
2021-05-15 22:38:22.523 [main][94797] INFO  page_objects.Home - Hand_soap_sanitizer_item_clicked
2021-05-15 22:38:23.432 [main][95706] INFO  page_objects.Home - Soap_item clicked
2021-05-15 22:38:30.202 [main][102476] INFO  step_definition.Hooks - Close Chrome Browser
2021-05-15 22:38:31.619 [main][103893] INFO  step_definition.Hooks - Launch Chrome Browser
2021-05-15 22:38:37.493 [main][109767] INFO  page_objects.Home - categories item clicked
2021-05-15 22:38:38.375 [main][110649] INFO  page_objects.Home - household item clicked
2021-05-15 22:38:38.967 [main][111241] INFO  page_objects.Home - Hand_soap_sanitizer_item_clicked
2021-05-15 22:38:39.794 [main][112068] INFO  page_objects.Home - Sanitizer_item clicked
2021-05-15 22:38:45.310 [main][117584] INFO  step_definition.Hooks - Close Chrome Browser
2021-05-15 22:38:46.916 [main][119190] INFO  step_definition.Hooks - Launch Chrome Browser
2021-05-15 22:38:52.444 [main][124718] INFO  page_objects.Home - categories item clicked
2021-05-15 22:38:53.163 [main][125437] INFO  page_objects.Home - household item clicked
2021-05-15 22:38:53.879 [main][126153] INFO  page_objects.Home - toilet_paper_item clicked
2021-05-15 22:38:58.655 [main][130929] INFO  step_definition.Hooks - Close Chrome Browser
2021-05-15 22:39:00.255 [main][132529] INFO  step_definition.Hooks - Launch Chrome Browser
2021-05-15 22:39:08.043 [main][140317] INFO  page_objects.Home - categories item clicked
2021-05-15 22:39:08.851 [main][141125] INFO  page_objects.Home - household item clicked
2021-05-15 22:39:09.563 [main][141837] INFO  page_objects.Home - Cleaning_supplies_item clicked
2021-05-15 22:39:10.515 [main][142789] INFO  page_objects.Home - Cleaning_wipes_item clicked
2021-05-15 22:39:15.234 [main][147508] INFO  step_definition.Hooks - Close Chrome Browser
2021-05-15 22:39:17.015 [main][149289] INFO  step_definition.Hooks - Launch Chrome Browser
2021-05-15 22:39:24.388 [main][156662] INFO  page_objects.Home - categories item clicked
2021-05-15 22:39:25.226 [main][157500] INFO  page_objects.Home - household item clicked
2021-05-15 22:39:25.921 [main][158195] INFO  page_objects.Home - Cleaning_supplies_item clicked
2021-05-15 22:39:26.652 [main][158926] INFO  page_objects.Home -   floor_care_item clicked
2021-05-15 22:39:43.164 [main][175438] INFO  step_definition.Hooks - Close Chrome Browser
