2021-05-16 21:15:36.719 [main][3446] INFO  step_definition.Hooks - Launch Chrome Browser
2021-05-16 21:15:43.798 [main][10525] INFO  page_objects.Login_page - username  is entered
2021-05-16 21:15:44.980 [main][11707] INFO  page_objects.Login_page - password  is entered
2021-05-16 21:15:48.076 [main][14803] INFO  page_objects.Login_page - sign in button clicked
2021-05-16 21:16:03.187 [main][29914] ERROR command_providers.ElementActions - Element Exception for the locator By.xpath: //*[@id="root"]/div/div/div/div/div[text()='Sorry, something went wrong. Please try again.'] and exception is: org.openqa.selenium.NoSuchElementException: no such element: Unable to locate element: {"method":"xpath","selector":"//*[@id="root"]/div/div/div/div/div[text()='Sorry, something went wrong. Please try again.']"}
  (Session info: chrome=90.0.4430.212)
For documentation on this error, please visit: https://www.seleniumhq.org/exceptions/no_such_element.html
Build info: version: '3.141.59', revision: 'e82be7d358', time: '2018-11-14T08:17:03'
System info: host: 'LAPTOP-LMD2MKNK', ip: '192.168.1.25', os.name: 'Windows 10', os.arch: 'amd64', os.version: '10.0', java.version: '11.0.11'
Driver info: org.openqa.selenium.chrome.ChromeDriver
Capabilities {acceptInsecureCerts: false, browserName: chrome, browserVersion: 90.0.4430.212, chrome: {chromedriverVersion: 90.0.4430.24 (4c6d850f087da..., userDataDir: C:\Users\alimu\AppData\Loca...}, goog:chromeOptions: {debuggerAddress: localhost:52372}, javascriptEnabled: true, networkConnectionEnabled: false, pageLoadStrategy: normal, platform: WINDOWS, platformName: WINDOWS, proxy: Proxy(), setWindowRect: true, strictFileInteractability: false, timeouts: {implicit: 0, pageLoad: 300000, script: 30000}, unhandledPromptBehavior: dismiss and notify, webauthn:extension:largeBlob: true, webauthn:virtualAuthenticators: true}
Session ID: b559bd5c0f87ca17a85879c8c8f3e0fb
*** Element info: {Using=xpath, value=//*[@id="root"]/div/div/div/div/div[text()='Sorry, something went wrong. Please try again.']}
2021-05-16 21:16:03.846 [main][30573] INFO  step_definition.Hooks - Close Chrome Browser
2021-05-16 21:16:04.982 [main][31709] INFO  step_definition.Hooks - Launch Chrome Browser
2021-05-16 21:16:12.572 [main][39299] INFO  page_objects.Login_page - username  is entered
2021-05-16 21:16:13.755 [main][40482] INFO  page_objects.Login_page - password  is entered
2021-05-16 21:16:17.069 [main][43796] INFO  page_objects.Login_page - sign in button clicked
2021-05-16 21:16:17.122 [main][43849] INFO  page_objects.Login_page - Test is passed
2021-05-16 21:16:17.800 [main][44527] INFO  step_definition.Hooks - Close Chrome Browser
