2021-05-16 20:24:30.582 [main][3560] INFO  step_definition.Hooks - Launch Chrome Browser
2021-05-16 20:24:42.871 [main][15849] INFO  page_objects.Login_page - username  is entered
2021-05-16 20:24:45.085 [main][18063] INFO  page_objects.Login_page - password  is entered
2021-05-16 20:24:47.177 [main][20155] INFO  page_objects.Login_page - sign in button clicked
2021-05-16 20:24:47.232 [main][20210] INFO  page_objects.Login_page - Test is passed
2021-05-16 20:24:47.881 [main][20859] INFO  step_definition.Hooks - Close Chrome Browser
2021-05-16 20:24:48.993 [main][21971] INFO  step_definition.Hooks - Launch Chrome Browser
2021-05-16 20:25:01.195 [main][34173] INFO  page_objects.Login_page - username  is entered
2021-05-16 20:25:03.429 [main][36407] INFO  page_objects.Login_page - password  is entered
2021-05-16 20:25:05.665 [main][38643] INFO  page_objects.Login_page - sign in button clicked
2021-05-16 20:25:20.730 [main][53708] ERROR command_providers.ElementActions - Element Exception for the locator By.xpath: //*[@id='password--ErrorMessage'] and exception is: org.openqa.selenium.NoSuchElementException: no such element: Unable to locate element: {"method":"xpath","selector":"//*[@id='password--ErrorMessage']"}
  (Session info: chrome=90.0.4430.212)
For documentation on this error, please visit: https://www.seleniumhq.org/exceptions/no_such_element.html
Build info: version: '3.141.59', revision: 'e82be7d358', time: '2018-11-14T08:17:03'
System info: host: 'LAPTOP-LMD2MKNK', ip: '192.168.1.25', os.name: 'Windows 10', os.arch: 'amd64', os.version: '10.0', java.version: '11.0.11'
Driver info: org.openqa.selenium.chrome.ChromeDriver
Capabilities {acceptInsecureCerts: false, browserName: chrome, browserVersion: 90.0.4430.212, chrome: {chromedriverVersion: 90.0.4430.24 (4c6d850f087da..., userDataDir: C:\Users\alimu\AppData\Loca...}, goog:chromeOptions: {debuggerAddress: localhost:64750}, javascriptEnabled: true, networkConnectionEnabled: false, pageLoadStrategy: normal, platform: WINDOWS, platformName: WINDOWS, proxy: Proxy(), setWindowRect: true, strictFileInteractability: false, timeouts: {implicit: 0, pageLoad: 300000, script: 30000}, unhandledPromptBehavior: dismiss and notify, webauthn:extension:largeBlob: true, webauthn:virtualAuthenticators: true}
Session ID: 450a03096dec6dd3b97878a127170b60
*** Element info: {Using=xpath, value=//*[@id='password--ErrorMessage']}
2021-05-16 20:25:21.404 [main][54382] INFO  step_definition.Hooks - Close Chrome Browser
