2021-05-16 01:19:02.219 [main][3313] INFO  step_definition.Hooks - Launch Chrome Browser
2021-05-16 01:19:04.513 [main][5607] INFO  page_objects.Home - categories item clicked
2021-05-16 01:19:05.150 [main][6244] INFO  page_objects.Home - Grocery item clicked
2021-05-16 01:19:05.719 [main][6813] INFO  page_objects.Home - Dairy item clicked
2021-05-16 01:19:06.330 [main][7424] INFO  page_objects.Home - Milk item clicked
2021-05-16 01:19:08.228 [main][9322] INFO  step_definition.Hooks - Close Chrome Browser
2021-05-16 01:19:09.376 [main][10470] INFO  step_definition.Hooks - Launch Chrome Browser
2021-05-16 01:19:12.547 [main][13641] INFO  page_objects.Home - categories item clicked
2021-05-16 01:19:13.175 [main][14269] INFO  page_objects.Home - Grocery item clicked
2021-05-16 01:19:13.753 [main][14847] INFO  page_objects.Home - Dairy item clicked
2021-05-16 01:19:14.364 [main][15458] INFO  page_objects.Home - Cheese item clicked
2021-05-16 01:19:16.173 [main][17267] INFO  step_definition.Hooks - Close Chrome Browser
2021-05-16 01:19:17.215 [main][18309] INFO  step_definition.Hooks - Launch Chrome Browser
2021-05-16 01:19:20.608 [main][21702] INFO  page_objects.Home - categories item clicked
2021-05-16 01:19:21.231 [main][22325] INFO  page_objects.Home - Grocery item clicked
2021-05-16 01:19:21.790 [main][22884] INFO  page_objects.Home - Dairy item clicked
2021-05-16 01:19:22.400 [main][23494] INFO  page_objects.Home - Yogurt item clicked
2021-05-16 01:19:24.146 [main][25240] INFO  step_definition.Hooks - Close Chrome Browser
2021-05-16 01:19:25.229 [main][26323] INFO  step_definition.Hooks - Launch Chrome Browser
2021-05-16 01:19:28.241 [main][29335] INFO  page_objects.Home - categories item clicked
2021-05-16 01:19:28.852 [main][29946] INFO  page_objects.Home - Grocery item clicked
2021-05-16 01:19:29.428 [main][30522] INFO  page_objects.Home - Dairy item clicked
2021-05-16 01:19:30.042 [main][31136] INFO  page_objects.Home - Yogurt item clicked
2021-05-16 01:19:32.121 [main][33215] INFO  step_definition.Hooks - Close Chrome Browser
2021-05-16 01:19:33.173 [main][34267] INFO  step_definition.Hooks - Launch Chrome Browser
2021-05-16 01:19:37.271 [main][38365] INFO  page_objects.Home - categories item clicked
2021-05-16 01:19:37.866 [main][38960] INFO  page_objects.Home - Grocery item clicked
2021-05-16 01:19:38.441 [main][39535] INFO  page_objects.Home - Dairy item clicked
2021-05-16 01:19:39.064 [main][40158] INFO  page_objects.Home - cream_cheese item clicked
2021-05-16 01:19:41.321 [main][42415] INFO  step_definition.Hooks - Close Chrome Browser
2021-05-16 01:19:42.409 [main][43503] INFO  step_definition.Hooks - Launch Chrome Browser
2021-05-16 01:19:45.992 [main][47086] INFO  page_objects.Home - categories item clicked
2021-05-16 01:19:46.605 [main][47699] INFO  page_objects.Home - household item clicked
2021-05-16 01:19:47.161 [main][48255] INFO  page_objects.Home - Hand_soap_sanitizer_item_clicked
2021-05-16 01:19:47.765 [main][48859] INFO  page_objects.Home - Soap_item clicked
2021-05-16 01:19:50.507 [main][51601] INFO  step_definition.Hooks - Close Chrome Browser
2021-05-16 01:19:51.589 [main][52683] INFO  step_definition.Hooks - Launch Chrome Browser
2021-05-16 01:19:54.943 [main][56037] INFO  page_objects.Home - categories item clicked
2021-05-16 01:19:55.588 [main][56682] INFO  page_objects.Home - household item clicked
2021-05-16 01:19:56.166 [main][57260] INFO  page_objects.Home - Hand_soap_sanitizer_item_clicked
2021-05-16 01:19:56.765 [main][57859] INFO  page_objects.Home - Sanitizer_item clicked
2021-05-16 01:20:00.157 [main][61251] INFO  step_definition.Hooks - Close Chrome Browser
2021-05-16 01:20:01.248 [main][62342] INFO  step_definition.Hooks - Launch Chrome Browser
2021-05-16 01:20:04.937 [main][66031] INFO  page_objects.Home - categories item clicked
2021-05-16 01:20:05.583 [main][66677] INFO  page_objects.Home - household item clicked
2021-05-16 01:20:06.209 [main][67303] INFO  page_objects.Home - toilet_paper_item clicked
2021-05-16 01:20:09.631 [main][70725] INFO  step_definition.Hooks - Close Chrome Browser
2021-05-16 01:20:10.758 [main][71852] INFO  step_definition.Hooks - Launch Chrome Browser
2021-05-16 01:20:14.313 [main][75407] INFO  step_definition.Hooks - Close Chrome Browser
2021-05-16 01:20:15.351 [main][76445] INFO  step_definition.Hooks - Launch Chrome Browser
2021-05-16 01:20:19.039 [main][80133] INFO  page_objects.Home - categories item clicked
2021-05-16 01:20:19.669 [main][80763] INFO  page_objects.Home - household item clicked
2021-05-16 01:20:20.227 [main][81321] INFO  page_objects.Home - Cleaning_supplies_item clicked
2021-05-16 01:20:20.844 [main][81938] INFO  page_objects.Home -   floor_care_item clicked
2021-05-16 01:20:34.434 [main][95528] INFO  step_definition.Hooks - Close Chrome Browser
